<?xml version="1.0" encoding="UTF-8"?>
<!-- Generated by org.testng.reporters.JUnitReportReporter -->
<testsuite hostname="fv-az123-708" failures="0" tests="4" name="com.example.SpringAuto.runner.TestRunner" time="96.339" errors="0" timestamp="2022-04-28T10:41:15 UTC" skipped="0">
  <testcase classname="com.example.SpringAuto.runner.TestRunner" name="runScenario" time="22.474"/>
  <system-out/>
  <testcase classname="com.example.SpringAuto.runner.TestRunner" name="runScenario" time="22.504"/>
  <system-out/>
  <testcase classname="com.example.SpringAuto.runner.TestRunner" name="runScenario" time="25.439"/>
  <system-out/>
  <testcase classname="com.example.SpringAuto.runner.TestRunner" name="runScenario" time="25.922"/>
  <system-out/>
</testsuite> <!-- com.example.SpringAuto.runner.TestRunner -->
