<?xml version="1.0" encoding="UTF-8"?>
<!-- Generated by org.testng.reporters.JUnitReportReporter -->
<testsuite hostname="DESKTOP-FP075KF" failures="0" tests="4" name="com.example.SpringAuto.runner.TestRunner" time="124.334" errors="0" timestamp="2022-04-28T19:41:17 AEST" skipped="0">
  <testcase classname="com.example.SpringAuto.runner.TestRunner" name="runScenario" time="27.136"/>
  <system-out/>
  <testcase classname="com.example.SpringAuto.runner.TestRunner" name="runScenario" time="34.442"/>
  <system-out/>
  <testcase classname="com.example.SpringAuto.runner.TestRunner" name="runScenario" time="28.000"/>
  <system-out/>
  <testcase classname="com.example.SpringAuto.runner.TestRunner" name="runScenario" time="34.756"/>
  <system-out/>
</testsuite> <!-- com.example.SpringAuto.runner.TestRunner -->
