<?xml version="1.0" encoding="UTF-8"?>
<!-- Generated by org.testng.reporters.JUnitReportReporter -->
<testsuite hostname="DESKTOP-FP075KF" failures="0" tests="4" name="com.example.SpringAuto.runner.TestRunner" time="113.725" errors="0" timestamp="2022-04-28T19:33:23 AEST" skipped="0">
  <testcase classname="com.example.SpringAuto.runner.TestRunner" name="runScenario" time="32.057"/>
  <system-out/>
  <testcase classname="com.example.SpringAuto.runner.TestRunner" name="runScenario" time="24.811"/>
  <system-out/>
  <testcase classname="com.example.SpringAuto.runner.TestRunner" name="runScenario" time="25.020"/>
  <system-out/>
  <testcase classname="com.example.SpringAuto.runner.TestRunner" name="runScenario" time="31.837"/>
  <system-out/>
</testsuite> <!-- com.example.SpringAuto.runner.TestRunner -->
