<?xml version="1.0" encoding="UTF-8"?>
<!-- Generated by org.testng.reporters.JUnitReportReporter -->
<testsuite hostname="DESKTOP-FP075KF" failures="0" tests="4" name="com.example.SpringAuto.runner.TestRunner" time="127.285" errors="0" timestamp="2022-04-28T18:20:10 AEST" skipped="0">
  <testcase classname="com.example.SpringAuto.runner.TestRunner" name="runScenario" time="27.600"/>
  <system-out/>
  <testcase classname="com.example.SpringAuto.runner.TestRunner" name="runScenario" time="28.647"/>
  <system-out/>
  <testcase classname="com.example.SpringAuto.runner.TestRunner" name="runScenario" time="36.178"/>
  <system-out/>
  <testcase classname="com.example.SpringAuto.runner.TestRunner" name="runScenario" time="34.860"/>
  <system-out/>
</testsuite> <!-- com.example.SpringAuto.runner.TestRunner -->
